K:\MYPROJECTS\@GITHUB\WINRTNEWSREADER\SQLITE\DEBUG\PCH.PCH
K:\MYPROJECTS\@GITHUB\WINRTNEWSREADER\SQLITE\DEBUG\PCH.OBJ
K:\MYPROJECTS\@GITHUB\WINRTNEWSREADER\SQLITE\DEBUG\VC110.PDB
K:\MYPROJECTS\@GITHUB\WINRTNEWSREADER\SQLITE\DEBUG\SQLITESTATEMENT.OBJ
K:\MYPROJECTS\@GITHUB\WINRTNEWSREADER\SQLITE\DEBUG\SQLITE.OBJ
K:\MYPROJECTS\@GITHUB\WINRTNEWSREADER\SQLITE\DEBUG\SQLITE3.OBJ
K:\MYPROJECTS\@GITHUB\WINRTNEWSREADER\DEBUG\SQLITE\SQLITE.ILK
K:\MYPROJECTS\@GITHUB\WINRTNEWSREADER\DEBUG\SQLITE\SQLITE.DLL
K:\MYPROJECTS\@GITHUB\WINRTNEWSREADER\DEBUG\SQLITE\SQLITE.WINMD
K:\MYPROJECTS\@GITHUB\WINRTNEWSREADER\DEBUG\SQLITE\SQLITE.PDB
K:\MyProjects\@GitHub\WinRTNewsReader\Debug\SQLite\SQLite.lib
K:\MyProjects\@GitHub\WinRTNewsReader\Debug\SQLite\SQLite.exp
K:\MyProjects\@GitHub\WinRTNewsReader\SQLite\Debug\priconfig.xml.intermediate
K:\MyProjects\@GitHub\WinRTNewsReader\SQLite\Debug\layout.resfiles.intermediate
K:\MyProjects\@GitHub\WinRTNewsReader\SQLite\Debug\resources.resfiles.intermediate
K:\MyProjects\@GitHub\WinRTNewsReader\SQLite\Debug\pri.resfiles.intermediate
K:\MyProjects\@GitHub\WinRTNewsReader\SQLite\Debug\priconfig.xml
K:\MyProjects\@GitHub\WinRTNewsReader\SQLite\Debug\layout.resfiles
K:\MyProjects\@GitHub\WinRTNewsReader\SQLite\Debug\resources.resfiles
K:\MyProjects\@GitHub\WinRTNewsReader\SQLite\Debug\pri.resfiles
K:\MyProjects\@GitHub\WinRTNewsReader\Debug\SQLite\SQLite.pri
K:\MyProjects\@GitHub\WinRTNewsReader\SQLite\Debug\LanguageQualifiers.txt
K:\MyProjects\@GitHub\WinRTNewsReader\SQLite\Debug\pch.obj
K:\MyProjects\@GitHub\WinRTNewsReader\SQLite\Debug\SQLite.obj
K:\MyProjects\@GitHub\WinRTNewsReader\SQLite\Debug\sqlite3.obj
K:\MyProjects\@GitHub\WinRTNewsReader\SQLite\Debug\SQLiteStatement.obj
K:\MyProjects\@GitHub\WinRTNewsReader\SQLite\Debug\CL.7396.read.1.tlog
K:\MyProjects\@GitHub\WinRTNewsReader\SQLite\Debug\CL.7396.write.1.tlog
K:\MyProjects\@GitHub\WinRTNewsReader\SQLite\Debug\CL.8640.read.1.tlog
K:\MyProjects\@GitHub\WinRTNewsReader\SQLite\Debug\CL.8640.write.1.tlog
K:\MyProjects\@GitHub\WinRTNewsReader\SQLite\Debug\cl.command.1.tlog
K:\MyProjects\@GitHub\WinRTNewsReader\SQLite\Debug\CL.read.1.tlog
K:\MyProjects\@GitHub\WinRTNewsReader\SQLite\Debug\CL.write.1.tlog
K:\MyProjects\@GitHub\WinRTNewsReader\SQLite\Debug\link.command.1.tlog
K:\MyProjects\@GitHub\WinRTNewsReader\SQLite\Debug\link.read.1.tlog
K:\MyProjects\@GitHub\WinRTNewsReader\SQLite\Debug\link.write.1.tlog
K:\MyProjects\@GitHub\WinRTNewsReader\SQLite\Debug\SQLite.read.1.tlog
K:\MyProjects\@GitHub\WinRTNewsReader\SQLite\Debug\SQLite.write.1.tlog
K:\MyProjects\@GitHub\WinRTNewsReader\SQLite\Debug\pch.pch
K:\MyProjects\@GitHub\WinRTNewsReader\SQLite\Debug\vc110.idb
K:\MyProjects\@GitHub\WinRTNewsReader\SQLite\Debug\vc110.pdb
K:\MyProjects\@GitHub\WinRTNewsReader\Debug\SQLite\SQLite.pdb
K:\MyProjects\@GitHub\WinRTNewsReader\Debug\SQLite\SQLite.dll
K:\MyProjects\@GitHub\WinRTNewsReader\Debug\SQLite\SQLite.ilk
